<?xml version="1.0" encoding="UTF-8"?>
<!-- Generated by org.testng.reporters.JUnitReportReporter -->
<testsuite ignored="1" hostname="Beauty" failures="0" tests="1" name="test.HomePageTest" time="0.129" errors="0" timestamp="01 Sep 2023 15:28:08 GMT" skipped="0">
  <testcase classname="test.HomePageTest" name="hmTest" time="0.129"/>
  <testcase classname="test.BaseTest" name="setup">
    <skipped/>
  </testcase> <!-- setup -->
</testsuite> <!-- test.HomePageTest -->
